<!DOCTYPE html PUBLIC "-//W3C//DTD XHTML 1.1//EN" "https://www.w3.org/TR/xhtml11/DTD/xhtml11.dtd">
<html xmlns="https://www.w3.org/1999/xhtml">
<head>
<meta http-equiv="content-type" content="text/html; charset=UTF-8"/>
<title>TestNG Report</title>
<style type="text/css">table {margin-bottom:10px;border-collapse:collapse;empty-cells:show}th,td {border:1px solid #009;padding:.25em .5em}th {vertical-align:bottom}td {vertical-align:top}table a {font-weight:bold}.stripe td {background-color: #E6EBF9}.num {text-align:right}.passedodd td {background-color: #3F3}.passedeven td {background-color: #0A0}.skippedodd td {background-color: #DDD}.skippedeven td {background-color: #CCC}.failedodd td,.attn {background-color: #F33}.failedeven td,.stripe .attn {background-color: #D00}.stacktrace {white-space:pre;font-family:monospace}.totop {font-size:85%;text-align:center;border-bottom:2px solid #000}.invisible {display:none}</style>
</head>
<body>
<table>
<tr><th>Test</th><th># Passed</th><th># Skipped</th><th># Retried</th><th># Failed</th><th>Time (ms)</th><th>Included Groups</th><th>Excluded Groups</th></tr>
<tr><th colspan="8">FirefoxSuite</th></tr>
<tr><td><a href="#t0">TedSearchTest</a></td><td class="num">4</td><td class="num">0</td><td class="num">0</td><td class="num">0</td><td class="num">14,373</td><td></td><td></td></tr>
<tr class="stripe"><td><a href="#t1">FacebookSearchTest</a></td><td class="num">2</td><td class="num">0</td><td class="num">0</td><td class="num">0</td><td class="num">5,285</td><td></td><td></td></tr>
<tr><th colspan="8">twoBrowsers</th></tr>
<tr><th colspan="8">ChromeSuite</th></tr>
<tr><td><a href="#t2">TedSearchTest</a></td><td class="num">3</td><td class="num">0</td><td class="num">0</td><td class="num attn">1</td><td class="num">5,445</td><td></td><td></td></tr>
<tr class="stripe"><td><a href="#t3">FacebookSearchTest</a></td><td class="num">1</td><td class="num">0</td><td class="num">0</td><td class="num attn">1</td><td class="num">20,420</td><td></td><td></td></tr>
<tr><th>Total</th><th class="num">10</th><th class="num">0</th><th class="num">0</th><th class="num attn">2</th><th class="num">45,523</th><th colspan="2"></th></tr>
</table>
<table id='summary'><thead><tr><th>Class</th><th>Method</th><th>Start</th><th>Time (ms)</th></tr></thead><tbody><tr><th colspan="4">FirefoxSuite</th></tr></tbody><tbody id="t0"><tr><th colspan="4">TedSearchTest &#8212; passed</th></tr><tr class="passedeven"><td rowspan="1">tests.AppsTest</td><td><a href="#m0">ChooseEducationFromCategories</a></td><td rowspan="1">1640034612929</td><td rowspan="1">1804</td></tr><tr class="passedodd"><td rowspan="1">tests.HomeTest</td><td><a href="#m1">OpenAppsLink</a></td><td rowspan="1">1640034610814</td><td rowspan="1">1810</td></tr><tr class="passedeven"><td rowspan="1">tests.SelectTedAppTest</td><td><a href="#m2">selectTedApp</a></td><td rowspan="1">1640034621215</td><td rowspan="1">3698</td></tr><tr class="passedodd"><td rowspan="1">tests.TedSearchTest</td><td><a href="#m3">searchForTedApp</a></td><td rowspan="1">1640034614741</td><td rowspan="1">6287</td></tr></tbody>
<tbody id="t1"><tr><th colspan="4">FacebookSearchTest &#8212; passed</th></tr><tr class="passedeven"><td rowspan="1">tests.FacebookSearchTest</td><td><a href="#m4">searchForFacebookApp</a></td><td rowspan="1">1640034625576</td><td rowspan="1">1518</td></tr><tr class="passedodd"><td rowspan="1">tests.SelectFacebookAppTest</td><td><a href="#m5">selectFacebookApp</a></td><td rowspan="1">1640034627344</td><td rowspan="1">3511</td></tr></tbody>
<tbody><tr><th colspan="4">twoBrowsers</th></tr></tbody><tbody><tr><th colspan="4">ChromeSuite</th></tr></tbody><tbody id="t2"><tr><th colspan="4">TedSearchTest &#8212; failed</th></tr><tr class="failedeven"><td rowspan="1">tests.AppsTest</td><td><a href="#m6">ChooseEducationFromCategories</a></td><td rowspan="1">1640034681329</td><td rowspan="1">904</td></tr><tr><th colspan="4">TedSearchTest &#8212; passed</th></tr><tr class="passedeven"><td rowspan="1">tests.HomeTest</td><td><a href="#m7">OpenAppsLink</a></td><td rowspan="1">1640034680926</td><td rowspan="1">400</td></tr><tr class="passedodd"><td rowspan="1">tests.SelectTedAppTest</td><td><a href="#m8">selectTedApp</a></td><td rowspan="1">1640034683369</td><td rowspan="1">2999</td></tr><tr class="passedeven"><td rowspan="1">tests.TedSearchTest</td><td><a href="#m9">searchForTedApp</a></td><td rowspan="1">1640034682574</td><td rowspan="1">792</td></tr></tbody>
<tbody id="t3"><tr><th colspan="4">FacebookSearchTest &#8212; failed</th></tr><tr class="failedeven"><td rowspan="1">tests.SelectFacebookAppTest</td><td><a href="#m10">selectFacebookApp</a></td><td rowspan="1">1640034686685</td><td rowspan="1">20171</td></tr><tr><th colspan="4">FacebookSearchTest &#8212; passed</th></tr><tr class="passedeven"><td rowspan="1">tests.FacebookSearchTest</td><td><a href="#m11">searchForFacebookApp</a></td><td rowspan="1">1640034686444</td><td rowspan="1">238</td></tr></tbody>
</table>
<h2>TedSearchTest</h2><h3 id="m0">tests.AppsTest#ChooseEducationFromCategories</h3><table class="result"><tr><th class="invisible"/></tr></table><p class="totop"><a href="#summary">back to summary</a></p>
<h3 id="m1">tests.HomeTest#OpenAppsLink</h3><table class="result"><tr><th class="invisible"/></tr></table><p class="totop"><a href="#summary">back to summary</a></p>
<h3 id="m2">tests.SelectTedAppTest#selectTedApp</h3><table class="result"><tr><th class="invisible"/></tr></table><p class="totop"><a href="#summary">back to summary</a></p>
<h3 id="m3">tests.TedSearchTest#searchForTedApp</h3><table class="result"><tr><th class="invisible"/></tr></table><p class="totop"><a href="#summary">back to summary</a></p>
<h2>FacebookSearchTest</h2><h3 id="m4">tests.FacebookSearchTest#searchForFacebookApp</h3><table class="result"><tr><th class="invisible"/></tr></table><p class="totop"><a href="#summary">back to summary</a></p>
<h3 id="m5">tests.SelectFacebookAppTest#selectFacebookApp</h3><table class="result"><tr><th class="invisible"/></tr></table><p class="totop"><a href="#summary">back to summary</a></p>
<h2>TedSearchTest</h2><h3 id="m6">tests.AppsTest#ChooseEducationFromCategories</h3><table class="result"><tr><th>Exception</th></tr><tr><td><div class="stacktrace">org.openqa.selenium.NoSuchElementException: no such element: Unable to locate element: {&quot;method&quot;:&quot;xpath&quot;,&quot;selector&quot;:&quot;//button[@class=&apos;qAAUy&apos;]&quot;}
  (Session info: chrome=96.0.4664.110)
For documentation on this error, please visit: https://selenium.dev/exceptions/#no_such_element
Build info: version: &apos;4.0.0&apos;, revision: &apos;3a21814679&apos;
System info: host: &apos;DESKTOP-9N1BKMG&apos;, ip: &apos;192.168.220.1&apos;, os.name: &apos;Windows 10&apos;, os.arch: &apos;amd64&apos;, os.version: &apos;10.0&apos;, java.version: &apos;13.0.2&apos;
Driver info: org.openqa.selenium.chrome.ChromeDriver
Command: [172eb3e6cf81421cf6d20af440aba616, findElement {using=xpath, value=//button[@class=&apos;qAAUy&apos;]}]
Capabilities {acceptInsecureCerts: false, browserName: chrome, browserVersion: 96.0.4664.110, chrome: {chromedriverVersion: 96.0.4664.45 (76e4c1bb2ab46..., userDataDir: C:\Users\Mohamed\AppData\Lo...}, goog:chromeOptions: {debuggerAddress: localhost:65041}, javascriptEnabled: true, networkConnectionEnabled: false, pageLoadStrategy: normal, platform: WINDOWS, platformName: WINDOWS, proxy: Proxy(), se:cdp: ws://localhost:65041/devtoo..., se:cdpVersion: 96.0.4664.110, setWindowRect: true, strictFileInteractability: false, timeouts: {implicit: 0, pageLoad: 300000, script: 30000}, unhandledPromptBehavior: dismiss and notify, webauthn:extension:credBlob: true, webauthn:extension:largeBlob: true, webauthn:virtualAuthenticators: true}
Session ID: 172eb3e6cf81421cf6d20af440aba616
	at org.openqa.selenium.remote.codec.w3c.W3CHttpResponseCodec.createException(W3CHttpResponseCodec.java:200)
	at org.openqa.selenium.remote.codec.w3c.W3CHttpResponseCodec.decode(W3CHttpResponseCodec.java:133)
	at org.openqa.selenium.remote.codec.w3c.W3CHttpResponseCodec.decode(W3CHttpResponseCodec.java:53)
	at org.openqa.selenium.remote.HttpCommandExecutor.execute(HttpCommandExecutor.java:184)
	at org.openqa.selenium.remote.service.DriverCommandExecutor.invokeExecute(DriverCommandExecutor.java:164)
	at org.openqa.selenium.remote.service.DriverCommandExecutor.execute(DriverCommandExecutor.java:139)
	at org.openqa.selenium.remote.RemoteWebDriver.execute(RemoteWebDriver.java:559)
	at org.openqa.selenium.remote.ElementLocation$ElementFinder$2.findElement(ElementLocation.java:162)
	at org.openqa.selenium.remote.ElementLocation.findElement(ElementLocation.java:60)
	at org.openqa.selenium.remote.RemoteWebDriver.findElement(RemoteWebDriver.java:383)
	at org.openqa.selenium.remote.RemoteWebDriver.findElement(RemoteWebDriver.java:375)
	at pages.AppsPage.showCategories(AppsPage.java:33)
	at tests.AppsTest.ChooseEducationFromCategories(AppsTest.java:20)
	at java.base/java.util.ArrayList.forEach(ArrayList.java:1507)
... Removed 37 stack frames</div></td></tr></table><p class="totop"><a href="#summary">back to summary</a></p>
<h3 id="m7">tests.HomeTest#OpenAppsLink</h3><table class="result"><tr><th class="invisible"/></tr></table><p class="totop"><a href="#summary">back to summary</a></p>
<h3 id="m8">tests.SelectTedAppTest#selectTedApp</h3><table class="result"><tr><th class="invisible"/></tr></table><p class="totop"><a href="#summary">back to summary</a></p>
<h3 id="m9">tests.TedSearchTest#searchForTedApp</h3><table class="result"><tr><th class="invisible"/></tr></table><p class="totop"><a href="#summary">back to summary</a></p>
<h2>FacebookSearchTest</h2><h3 id="m10">tests.SelectFacebookAppTest#selectFacebookApp</h3><table class="result"><tr><th>Exception</th></tr><tr><td><div class="stacktrace">org.openqa.selenium.TimeoutException: Expected condition failed: waiting for visibility of element located by By.xpath: //a[@href=&apos;/store/apps/details?id=com.facebook.katana&apos;] (tried for 20 second(s) with 500 milliseconds interval)
Build info: version: &apos;4.0.0&apos;, revision: &apos;3a21814679&apos;
System info: host: &apos;DESKTOP-9N1BKMG&apos;, ip: &apos;192.168.220.1&apos;, os.name: &apos;Windows 10&apos;, os.arch: &apos;amd64&apos;, os.version: &apos;10.0&apos;, java.version: &apos;13.0.2&apos;
Driver info: org.openqa.selenium.chrome.ChromeDriver
Capabilities {acceptInsecureCerts: false, browserName: chrome, browserVersion: 96.0.4664.110, chrome: {chromedriverVersion: 96.0.4664.45 (76e4c1bb2ab46..., userDataDir: C:\Users\Mohamed\AppData\Lo...}, goog:chromeOptions: {debuggerAddress: localhost:65041}, javascriptEnabled: true, networkConnectionEnabled: false, pageLoadStrategy: normal, platform: WINDOWS, platformName: WINDOWS, proxy: Proxy(), se:cdp: ws://localhost:65041/devtoo..., se:cdpVersion: 96.0.4664.110, setWindowRect: true, strictFileInteractability: false, timeouts: {implicit: 0, pageLoad: 300000, script: 30000}, unhandledPromptBehavior: dismiss and notify, webauthn:extension:credBlob: true, webauthn:extension:largeBlob: true, webauthn:virtualAuthenticators: true}
Session ID: 172eb3e6cf81421cf6d20af440aba616
	at org.openqa.selenium.support.ui.WebDriverWait.timeoutException(WebDriverWait.java:138)
	at org.openqa.selenium.support.ui.FluentWait.until(FluentWait.java:231)
	at pages.FacebookSearchResultPage.chooseApp(FacebookSearchResultPage.java:23)
	at tests.SelectFacebookAppTest.selectFacebookApp(SelectFacebookAppTest.java:23)
	at java.base/java.util.ArrayList.forEach(ArrayList.java:1507)
... Removed 32 stack frames</div></td></tr></table><p class="totop"><a href="#summary">back to summary</a></p>
<h3 id="m11">tests.FacebookSearchTest#searchForFacebookApp</h3><table class="result"><tr><th class="invisible"/></tr></table><p class="totop"><a href="#summary">back to summary</a></p>
</body>
</html>
