<?xml version="1.0" encoding="UTF-8"?>
<testng-results ignored="16" total="28" passed="10" failed="2" skipped="0">
  <reporter-output>
  </reporter-output>
  <suite started-at="2021-12-20T23:10:10 EET" name="FirefoxSuite" finished-at="2021-12-20T23:10:30 EET" duration-ms="20316">
    <groups>
    </groups>
    <test started-at="2021-12-20T23:10:10 EET" name="TedSearchTest" finished-at="2021-12-20T23:10:24 EET" duration-ms="14373">
      <class name="tests.HomeTest">
        <test-method signature="OpenAppsLink()[pri:0, instance:tests.HomeTest@485966cc]" started-at="2021-12-20T23:10:10 EET" name="OpenAppsLink" finished-at="2021-12-20T23:10:12 EET" duration-ms="1810" status="PASS">
          <reporter-output>
          </reporter-output>
        </test-method> <!-- OpenAppsLink -->
      </class> <!-- tests.HomeTest -->
      <class name="tests.TedSearchTest">
        <test-method signature="searchForTedApp()[pri:0, instance:tests.TedSearchTest@434a63ab]" started-at="2021-12-20T23:10:14 EET" name="searchForTedApp" finished-at="2021-12-20T23:10:21 EET" duration-ms="6287" status="PASS">
          <reporter-output>
          </reporter-output>
        </test-method> <!-- searchForTedApp -->
      </class> <!-- tests.TedSearchTest -->
      <class name="tests.SelectTedAppTest">
        <test-method signature="selectTedApp()[pri:0, instance:tests.SelectTedAppTest@6e0f5f7f]" started-at="2021-12-20T23:10:21 EET" name="selectTedApp" finished-at="2021-12-20T23:10:24 EET" duration-ms="3698" status="PASS">
          <reporter-output>
          </reporter-output>
        </test-method> <!-- selectTedApp -->
      </class> <!-- tests.SelectTedAppTest -->
      <class name="tests.AppsTest">
        <test-method signature="ChooseEducationFromCategories()[pri:0, instance:tests.AppsTest@37d4349f]" started-at="2021-12-20T23:10:12 EET" name="ChooseEducationFromCategories" finished-at="2021-12-20T23:10:14 EET" duration-ms="1804" status="PASS">
          <reporter-output>
          </reporter-output>
        </test-method> <!-- ChooseEducationFromCategories -->
      </class> <!-- tests.AppsTest -->
    </test> <!-- TedSearchTest -->
    <test started-at="2021-12-20T23:10:25 EET" name="FacebookSearchTest" finished-at="2021-12-20T23:10:30 EET" duration-ms="5285">
      <class name="tests.SelectFacebookAppTest">
        <test-method signature="selectFacebookApp()[pri:0, instance:tests.SelectFacebookAppTest@29215f06]" started-at="2021-12-20T23:10:27 EET" name="selectFacebookApp" finished-at="2021-12-20T23:10:30 EET" duration-ms="3511" status="PASS">
          <reporter-output>
          </reporter-output>
        </test-method> <!-- selectFacebookApp -->
      </class> <!-- tests.SelectFacebookAppTest -->
      <class name="tests.FacebookSearchTest">
        <test-method is-config="true" signature="openDriver(java.lang.String)[pri:0, instance:tests.FacebookSearchTest@2d710f1a]" started-at="2021-12-20T23:09:12 EET" name="openDriver" finished-at="2021-12-20T23:10:10 EET" duration-ms="57881" status="PASS">
          <params>
            <param index="0">
              <value>
                <![CDATA[firefox]]>
              </value>
            </param>
          </params>
          <reporter-output>
          </reporter-output>
        </test-method> <!-- openDriver -->
        <test-method signature="searchForFacebookApp()[pri:0, instance:tests.FacebookSearchTest@2d710f1a]" started-at="2021-12-20T23:10:25 EET" name="searchForFacebookApp" finished-at="2021-12-20T23:10:27 EET" duration-ms="1518" status="PASS">
          <reporter-output>
          </reporter-output>
        </test-method> <!-- searchForFacebookApp -->
        <test-method is-config="true" signature="closeDriver()[pri:0, instance:tests.FacebookSearchTest@2d710f1a]" started-at="2021-12-20T23:10:30 EET" name="closeDriver" finished-at="2021-12-20T23:10:48 EET" duration-ms="17879" status="PASS">
          <reporter-output>
          </reporter-output>
        </test-method> <!-- closeDriver -->
      </class> <!-- tests.FacebookSearchTest -->
    </test> <!-- FacebookSearchTest -->
  </suite> <!-- FirefoxSuite -->
  <suite started-at="2021-12-20T23:11:49 EET" name="twoBrowsers" finished-at="2021-12-20T23:11:49 EET" duration-ms="0">
    <groups>
    </groups>
  </suite> <!-- twoBrowsers -->
  <suite started-at="2021-12-20T23:11:20 EET" name="ChromeSuite" finished-at="2021-12-20T23:11:46 EET" duration-ms="25937">
    <groups>
    </groups>
    <test started-at="2021-12-20T23:11:20 EET" name="TedSearchTest" finished-at="2021-12-20T23:11:26 EET" duration-ms="5445">
      <class name="tests.HomeTest">
        <test-method signature="OpenAppsLink()[pri:0, instance:tests.HomeTest@48aca48b]" started-at="2021-12-20T23:11:20 EET" name="OpenAppsLink" finished-at="2021-12-20T23:11:21 EET" duration-ms="400" status="PASS">
          <reporter-output>
          </reporter-output>
        </test-method> <!-- OpenAppsLink -->
      </class> <!-- tests.HomeTest -->
      <class name="tests.SelectTedAppTest">
        <test-method signature="selectTedApp()[pri:0, instance:tests.SelectTedAppTest@1ed6388a]" started-at="2021-12-20T23:11:23 EET" name="selectTedApp" finished-at="2021-12-20T23:11:26 EET" duration-ms="2999" status="PASS">
          <reporter-output>
          </reporter-output>
        </test-method> <!-- selectTedApp -->
      </class> <!-- tests.SelectTedAppTest -->
      <class name="tests.TedSearchTest">
        <test-method signature="searchForTedApp()[pri:0, instance:tests.TedSearchTest@942a29c]" started-at="2021-12-20T23:11:22 EET" name="searchForTedApp" finished-at="2021-12-20T23:11:23 EET" duration-ms="792" status="PASS">
          <reporter-output>
          </reporter-output>
        </test-method> <!-- searchForTedApp -->
      </class> <!-- tests.TedSearchTest -->
      <class name="tests.AppsTest">
        <test-method signature="ChooseEducationFromCategories()[pri:0, instance:tests.AppsTest@3527942a]" started-at="2021-12-20T23:11:21 EET" name="ChooseEducationFromCategories" finished-at="2021-12-20T23:11:22 EET" duration-ms="904" status="FAIL">
          <exception class="org.openqa.selenium.NoSuchElementException">
            <message>
              <![CDATA[no such element: Unable to locate element: {"method":"xpath","selector":"//button[@class='qAAUy']"}
  (Session info: chrome=96.0.4664.110)
For documentation on this error, please visit: https://selenium.dev/exceptions/#no_such_element
Build info: version: '4.0.0', revision: '3a21814679'
System info: host: 'DESKTOP-9N1BKMG', ip: '192.168.220.1', os.name: 'Windows 10', os.arch: 'amd64', os.version: '10.0', java.version: '13.0.2'
Driver info: org.openqa.selenium.chrome.ChromeDriver
Command: [172eb3e6cf81421cf6d20af440aba616, findElement {using=xpath, value=//button[@class='qAAUy']}]
Capabilities {acceptInsecureCerts: false, browserName: chrome, browserVersion: 96.0.4664.110, chrome: {chromedriverVersion: 96.0.4664.45 (76e4c1bb2ab46..., userDataDir: C:\Users\Mohamed\AppData\Lo...}, goog:chromeOptions: {debuggerAddress: localhost:65041}, javascriptEnabled: true, networkConnectionEnabled: false, pageLoadStrategy: normal, platform: WINDOWS, platformName: WINDOWS, proxy: Proxy(), se:cdp: ws://localhost:65041/devtoo..., se:cdpVersion: 96.0.4664.110, setWindowRect: true, strictFileInteractability: false, timeouts: {implicit: 0, pageLoad: 300000, script: 30000}, unhandledPromptBehavior: dismiss and notify, webauthn:extension:credBlob: true, webauthn:extension:largeBlob: true, webauthn:virtualAuthenticators: true}
Session ID: 172eb3e6cf81421cf6d20af440aba616]]>
            </message>
            <full-stacktrace>
              <![CDATA[org.openqa.selenium.NoSuchElementException: no such element: Unable to locate element: {"method":"xpath","selector":"//button[@class='qAAUy']"}
  (Session info: chrome=96.0.4664.110)
For documentation on this error, please visit: https://selenium.dev/exceptions/#no_such_element
Build info: version: '4.0.0', revision: '3a21814679'
System info: host: 'DESKTOP-9N1BKMG', ip: '192.168.220.1', os.name: 'Windows 10', os.arch: 'amd64', os.version: '10.0', java.version: '13.0.2'
Driver info: org.openqa.selenium.chrome.ChromeDriver
Command: [172eb3e6cf81421cf6d20af440aba616, findElement {using=xpath, value=//button[@class='qAAUy']}]
Capabilities {acceptInsecureCerts: false, browserName: chrome, browserVersion: 96.0.4664.110, chrome: {chromedriverVersion: 96.0.4664.45 (76e4c1bb2ab46..., userDataDir: C:\Users\Mohamed\AppData\Lo...}, goog:chromeOptions: {debuggerAddress: localhost:65041}, javascriptEnabled: true, networkConnectionEnabled: false, pageLoadStrategy: normal, platform: WINDOWS, platformName: WINDOWS, proxy: Proxy(), se:cdp: ws://localhost:65041/devtoo..., se:cdpVersion: 96.0.4664.110, setWindowRect: true, strictFileInteractability: false, timeouts: {implicit: 0, pageLoad: 300000, script: 30000}, unhandledPromptBehavior: dismiss and notify, webauthn:extension:credBlob: true, webauthn:extension:largeBlob: true, webauthn:virtualAuthenticators: true}
Session ID: 172eb3e6cf81421cf6d20af440aba616
at java.base/jdk.internal.reflect.NativeConstructorAccessorImpl.newInstance0(Native Method)
at java.base/jdk.internal.reflect.NativeConstructorAccessorImpl.newInstance(NativeConstructorAccessorImpl.java:62)
at java.base/jdk.internal.reflect.DelegatingConstructorAccessorImpl.newInstance(DelegatingConstructorAccessorImpl.java:45)
at java.base/java.lang.reflect.Constructor.newInstanceWithCaller(Constructor.java:500)
at java.base/java.lang.reflect.Constructor.newInstance(Constructor.java:481)
at org.openqa.selenium.remote.codec.w3c.W3CHttpResponseCodec.createException(W3CHttpResponseCodec.java:200)
at org.openqa.selenium.remote.codec.w3c.W3CHttpResponseCodec.decode(W3CHttpResponseCodec.java:133)
at org.openqa.selenium.remote.codec.w3c.W3CHttpResponseCodec.decode(W3CHttpResponseCodec.java:53)
at org.openqa.selenium.remote.HttpCommandExecutor.execute(HttpCommandExecutor.java:184)
at org.openqa.selenium.remote.service.DriverCommandExecutor.invokeExecute(DriverCommandExecutor.java:164)
at org.openqa.selenium.remote.service.DriverCommandExecutor.execute(DriverCommandExecutor.java:139)
at org.openqa.selenium.remote.RemoteWebDriver.execute(RemoteWebDriver.java:559)
at org.openqa.selenium.remote.ElementLocation$ElementFinder$2.findElement(ElementLocation.java:162)
at org.openqa.selenium.remote.ElementLocation.findElement(ElementLocation.java:60)
at org.openqa.selenium.remote.RemoteWebDriver.findElement(RemoteWebDriver.java:383)
at org.openqa.selenium.remote.RemoteWebDriver.findElement(RemoteWebDriver.java:375)
at pages.AppsPage.showCategories(AppsPage.java:33)
at tests.AppsTest.ChooseEducationFromCategories(AppsTest.java:20)
at java.base/jdk.internal.reflect.NativeMethodAccessorImpl.invoke0(Native Method)
at java.base/jdk.internal.reflect.NativeMethodAccessorImpl.invoke(NativeMethodAccessorImpl.java:62)
at java.base/jdk.internal.reflect.DelegatingMethodAccessorImpl.invoke(DelegatingMethodAccessorImpl.java:43)
at java.base/java.lang.reflect.Method.invoke(Method.java:567)
at org.testng.internal.MethodInvocationHelper.invokeMethod(MethodInvocationHelper.java:133)
at org.testng.internal.TestInvoker.invokeMethod(TestInvoker.java:598)
at org.testng.internal.TestInvoker.invokeTestMethod(TestInvoker.java:173)
at org.testng.internal.MethodRunner.runInSequence(MethodRunner.java:46)
at org.testng.internal.TestInvoker$MethodInvocationAgent.invoke(TestInvoker.java:824)
at org.testng.internal.TestInvoker.invokeTestMethods(TestInvoker.java:146)
at org.testng.internal.TestMethodWorker.invokeTestMethods(TestMethodWorker.java:146)
at org.testng.internal.TestMethodWorker.run(TestMethodWorker.java:128)
at java.base/java.util.ArrayList.forEach(ArrayList.java:1507)
at org.testng.TestRunner.privateRun(TestRunner.java:794)
at org.testng.TestRunner.run(TestRunner.java:596)
at org.testng.SuiteRunner.runTest(SuiteRunner.java:377)
at org.testng.SuiteRunner.runSequentially(SuiteRunner.java:371)
at org.testng.SuiteRunner.privateRun(SuiteRunner.java:332)
at org.testng.SuiteRunner.run(SuiteRunner.java:276)
at org.testng.SuiteRunnerWorker.runSuite(SuiteRunnerWorker.java:53)
at org.testng.SuiteRunnerWorker.run(SuiteRunnerWorker.java:96)
at org.testng.TestNG.runSuitesSequentially(TestNG.java:1212)
at org.testng.TestNG.runSuitesSequentially(TestNG.java:1207)
at org.testng.TestNG.runSuitesLocally(TestNG.java:1134)
at org.testng.TestNG.runSuites(TestNG.java:1063)
at org.testng.TestNG.run(TestNG.java:1031)
at org.apache.maven.surefire.testng.TestNGExecutor.run(TestNGExecutor.java:284)
at org.apache.maven.surefire.testng.TestNGXmlTestSuite.execute(TestNGXmlTestSuite.java:75)
at org.apache.maven.surefire.testng.TestNGProvider.invoke(TestNGProvider.java:119)
at org.apache.maven.surefire.booter.ForkedBooter.runSuitesInProcess(ForkedBooter.java:428)
at org.apache.maven.surefire.booter.ForkedBooter.execute(ForkedBooter.java:162)
at org.apache.maven.surefire.booter.ForkedBooter.run(ForkedBooter.java:562)
at org.apache.maven.surefire.booter.ForkedBooter.main(ForkedBooter.java:548)
]]>
            </full-stacktrace>
          </exception> <!-- org.openqa.selenium.NoSuchElementException -->
          <reporter-output>
          </reporter-output>
        </test-method> <!-- ChooseEducationFromCategories -->
      </class> <!-- tests.AppsTest -->
    </test> <!-- TedSearchTest -->
    <test started-at="2021-12-20T23:11:26 EET" name="FacebookSearchTest" finished-at="2021-12-20T23:11:46 EET" duration-ms="20420">
      <class name="tests.SelectFacebookAppTest">
        <test-method signature="selectFacebookApp()[pri:0, instance:tests.SelectFacebookAppTest@121314f7]" started-at="2021-12-20T23:11:26 EET" name="selectFacebookApp" finished-at="2021-12-20T23:11:46 EET" duration-ms="20171" status="FAIL">
          <exception class="org.openqa.selenium.TimeoutException">
            <message>
              <![CDATA[Expected condition failed: waiting for visibility of element located by By.xpath: //a[@href='/store/apps/details?id=com.facebook.katana'] (tried for 20 second(s) with 500 milliseconds interval)
Build info: version: '4.0.0', revision: '3a21814679'
System info: host: 'DESKTOP-9N1BKMG', ip: '192.168.220.1', os.name: 'Windows 10', os.arch: 'amd64', os.version: '10.0', java.version: '13.0.2'
Driver info: org.openqa.selenium.chrome.ChromeDriver
Capabilities {acceptInsecureCerts: false, browserName: chrome, browserVersion: 96.0.4664.110, chrome: {chromedriverVersion: 96.0.4664.45 (76e4c1bb2ab46..., userDataDir: C:\Users\Mohamed\AppData\Lo...}, goog:chromeOptions: {debuggerAddress: localhost:65041}, javascriptEnabled: true, networkConnectionEnabled: false, pageLoadStrategy: normal, platform: WINDOWS, platformName: WINDOWS, proxy: Proxy(), se:cdp: ws://localhost:65041/devtoo..., se:cdpVersion: 96.0.4664.110, setWindowRect: true, strictFileInteractability: false, timeouts: {implicit: 0, pageLoad: 300000, script: 30000}, unhandledPromptBehavior: dismiss and notify, webauthn:extension:credBlob: true, webauthn:extension:largeBlob: true, webauthn:virtualAuthenticators: true}
Session ID: 172eb3e6cf81421cf6d20af440aba616]]>
            </message>
            <full-stacktrace>
              <![CDATA[org.openqa.selenium.TimeoutException: Expected condition failed: waiting for visibility of element located by By.xpath: //a[@href='/store/apps/details?id=com.facebook.katana'] (tried for 20 second(s) with 500 milliseconds interval)
Build info: version: '4.0.0', revision: '3a21814679'
System info: host: 'DESKTOP-9N1BKMG', ip: '192.168.220.1', os.name: 'Windows 10', os.arch: 'amd64', os.version: '10.0', java.version: '13.0.2'
Driver info: org.openqa.selenium.chrome.ChromeDriver
Capabilities {acceptInsecureCerts: false, browserName: chrome, browserVersion: 96.0.4664.110, chrome: {chromedriverVersion: 96.0.4664.45 (76e4c1bb2ab46..., userDataDir: C:\Users\Mohamed\AppData\Lo...}, goog:chromeOptions: {debuggerAddress: localhost:65041}, javascriptEnabled: true, networkConnectionEnabled: false, pageLoadStrategy: normal, platform: WINDOWS, platformName: WINDOWS, proxy: Proxy(), se:cdp: ws://localhost:65041/devtoo..., se:cdpVersion: 96.0.4664.110, setWindowRect: true, strictFileInteractability: false, timeouts: {implicit: 0, pageLoad: 300000, script: 30000}, unhandledPromptBehavior: dismiss and notify, webauthn:extension:credBlob: true, webauthn:extension:largeBlob: true, webauthn:virtualAuthenticators: true}
Session ID: 172eb3e6cf81421cf6d20af440aba616
at org.openqa.selenium.support.ui.WebDriverWait.timeoutException(WebDriverWait.java:138)
at org.openqa.selenium.support.ui.FluentWait.until(FluentWait.java:231)
at pages.FacebookSearchResultPage.chooseApp(FacebookSearchResultPage.java:23)
at tests.SelectFacebookAppTest.selectFacebookApp(SelectFacebookAppTest.java:23)
at java.base/jdk.internal.reflect.NativeMethodAccessorImpl.invoke0(Native Method)
at java.base/jdk.internal.reflect.NativeMethodAccessorImpl.invoke(NativeMethodAccessorImpl.java:62)
at java.base/jdk.internal.reflect.DelegatingMethodAccessorImpl.invoke(DelegatingMethodAccessorImpl.java:43)
at java.base/java.lang.reflect.Method.invoke(Method.java:567)
at org.testng.internal.MethodInvocationHelper.invokeMethod(MethodInvocationHelper.java:133)
at org.testng.internal.TestInvoker.invokeMethod(TestInvoker.java:598)
at org.testng.internal.TestInvoker.invokeTestMethod(TestInvoker.java:173)
at org.testng.internal.MethodRunner.runInSequence(MethodRunner.java:46)
at org.testng.internal.TestInvoker$MethodInvocationAgent.invoke(TestInvoker.java:824)
at org.testng.internal.TestInvoker.invokeTestMethods(TestInvoker.java:146)
at org.testng.internal.TestMethodWorker.invokeTestMethods(TestMethodWorker.java:146)
at org.testng.internal.TestMethodWorker.run(TestMethodWorker.java:128)
at java.base/java.util.ArrayList.forEach(ArrayList.java:1507)
at org.testng.TestRunner.privateRun(TestRunner.java:794)
at org.testng.TestRunner.run(TestRunner.java:596)
at org.testng.SuiteRunner.runTest(SuiteRunner.java:377)
at org.testng.SuiteRunner.runSequentially(SuiteRunner.java:371)
at org.testng.SuiteRunner.privateRun(SuiteRunner.java:332)
at org.testng.SuiteRunner.run(SuiteRunner.java:276)
at org.testng.SuiteRunnerWorker.runSuite(SuiteRunnerWorker.java:53)
at org.testng.SuiteRunnerWorker.run(SuiteRunnerWorker.java:96)
at org.testng.TestNG.runSuitesSequentially(TestNG.java:1212)
at org.testng.TestNG.runSuitesSequentially(TestNG.java:1207)
at org.testng.TestNG.runSuitesLocally(TestNG.java:1134)
at org.testng.TestNG.runSuites(TestNG.java:1063)
at org.testng.TestNG.run(TestNG.java:1031)
at org.apache.maven.surefire.testng.TestNGExecutor.run(TestNGExecutor.java:284)
at org.apache.maven.surefire.testng.TestNGXmlTestSuite.execute(TestNGXmlTestSuite.java:75)
at org.apache.maven.surefire.testng.TestNGProvider.invoke(TestNGProvider.java:119)
at org.apache.maven.surefire.booter.ForkedBooter.runSuitesInProcess(ForkedBooter.java:428)
at org.apache.maven.surefire.booter.ForkedBooter.execute(ForkedBooter.java:162)
at org.apache.maven.surefire.booter.ForkedBooter.run(ForkedBooter.java:562)
at org.apache.maven.surefire.booter.ForkedBooter.main(ForkedBooter.java:548)
]]>
            </full-stacktrace>
          </exception> <!-- org.openqa.selenium.TimeoutException -->
          <reporter-output>
          </reporter-output>
        </test-method> <!-- selectFacebookApp -->
      </class> <!-- tests.SelectFacebookAppTest -->
      <class name="tests.FacebookSearchTest">
        <test-method is-config="true" signature="openDriver(java.lang.String)[pri:0, instance:tests.FacebookSearchTest@60bd273d]" started-at="2021-12-20T23:10:48 EET" name="openDriver" finished-at="2021-12-20T23:11:20 EET" duration-ms="32058" status="PASS">
          <params>
            <param index="0">
              <value>
                <![CDATA[chrome]]>
              </value>
            </param>
          </params>
          <reporter-output>
          </reporter-output>
        </test-method> <!-- openDriver -->
        <test-method signature="searchForFacebookApp()[pri:0, instance:tests.FacebookSearchTest@60bd273d]" started-at="2021-12-20T23:11:26 EET" name="searchForFacebookApp" finished-at="2021-12-20T23:11:26 EET" duration-ms="238" status="PASS">
          <reporter-output>
          </reporter-output>
        </test-method> <!-- searchForFacebookApp -->
        <test-method is-config="true" signature="closeDriver()[pri:0, instance:tests.FacebookSearchTest@60bd273d]" started-at="2021-12-20T23:11:46 EET" name="closeDriver" finished-at="2021-12-20T23:11:49 EET" duration-ms="2452" status="PASS">
          <reporter-output>
          </reporter-output>
        </test-method> <!-- closeDriver -->
      </class> <!-- tests.FacebookSearchTest -->
    </test> <!-- FacebookSearchTest -->
  </suite> <!-- ChromeSuite -->
</testng-results>
